c:\users\hp\documents\github\ikp_project\common\x64\debug\common.pch
c:\users\hp\documents\github\ikp_project\x64\debug\common.pdb
c:\users\hp\documents\github\ikp_project\x64\debug\common.idb
c:\users\hp\documents\github\ikp_project\common\x64\debug\pch.obj
c:\users\hp\documents\github\ikp_project\common\x64\debug\votestocount.obj
c:\users\hp\documents\github\ikp_project\common\x64\debug\votescontainer.obj
c:\users\hp\documents\github\ikp_project\common\x64\debug\vote.obj
c:\users\hp\documents\github\ikp_project\common\x64\debug\votingoption.obj
c:\users\hp\documents\github\ikp_project\common\x64\debug\votinglist.obj
c:\users\hp\documents\github\ikp_project\common\x64\debug\commonmethods.obj
c:\users\hp\documents\github\ikp_project\common\x64\debug\countedvotes.obj
c:\users\hp\documents\github\ikp_project\common\x64\debug\finalresult.obj
c:\users\hp\documents\github\ikp_project\common\x64\debug\config.obj
c:\users\hp\documents\github\ikp_project\common\x64\debug\serializable.obj
c:\users\hp\documents\github\ikp_project\common\x64\debug\serialization.obj
c:\users\hp\documents\github\ikp_project\common\x64\debug\deserialization.obj
c:\users\hp\documents\github\ikp_project\common\x64\debug\common.obj
c:\users\hp\documents\github\ikp_project\x64\debug\common.lib
c:\users\hp\documents\github\ikp_project\common\x64\debug\common.tlog\cl.command.1.tlog
c:\users\hp\documents\github\ikp_project\common\x64\debug\common.tlog\cl.read.1.tlog
c:\users\hp\documents\github\ikp_project\common\x64\debug\common.tlog\cl.write.1.tlog
c:\users\hp\documents\github\ikp_project\common\x64\debug\common.tlog\lib-link.read.1.tlog
c:\users\hp\documents\github\ikp_project\common\x64\debug\common.tlog\lib-link.write.1.tlog
c:\users\hp\documents\github\ikp_project\common\x64\debug\common.tlog\lib.command.1.tlog
